e:\qtproject\dataplot\dataplot\x64\release\qrc_dataplot.obj
e:\qtproject\dataplot\dataplot\x64\release\moc_dataplot.obj
e:\qtproject\dataplot\dataplot\x64\release\dataplot.obj
e:\qtproject\dataplot\dataplot\x64\release\main.obj
e:\qtproject\dataplot\dataplot\x64\release\s7communication.obj
e:\qtproject\dataplot\dataplot\x64\release\snap7.obj
e:\qtproject\dataplot\dataplot\x64\release\plotchart.obj
e:\qtproject\dataplot\dataplot\x64\release\moc_plotchart.obj
e:\qtproject\dataplot\dataplot\x64\release\uic\ui_dataplot.h
e:\qtproject\dataplot\dataplot\x64\release\rcc\qrc_dataplot.cpp
e:\qtproject\dataplot\dataplot\x64\release\moc\moc_dataplot.cpp
e:\qtproject\dataplot\dataplot\x64\release\moc\moc_plotchart.cpp
e:\qtproject\dataplot\dataplot\x64\release\moc\moc_dataplotloging.cpp
e:\qtproject\s7dataplot\dataplot\x64\release\uic\ui_dataplot.h
e:\qtproject\s7dataplot\dataplot\x64\release\uic\ui_s7settingdialog.h
e:\qtproject\s7dataplot\dataplot\x64\release\rcc\qrc_dataplot.cpp
e:\qtproject\s7dataplot\dataplot\x64\release\moc\moc_dataplot.cpp
e:\qtproject\s7dataplot\dataplot\x64\release\moc\moc_conffile.cpp
e:\qtproject\s7dataplot\dataplot\x64\release\moc\moc_dataplotchart.cpp
e:\qtproject\s7dataplot\dataplot\x64\release\moc\moc_qdbtypecomboboxdelegate.cpp
e:\qtproject\s7dataplot\dataplot\x64\release\moc\moc_qdatatypecomboboxdelegate.cpp
e:\qtproject\s7dataplot\dataplot\x64\release\moc\moc_s7settingdialog.cpp
e:\qtproject\dataplot\x64\release\dataplot.exe
e:\qtproject\s7dataplot\dataplot\x64\release\dataplot.obj
e:\qtproject\s7dataplot\dataplot\x64\release\main.obj
e:\qtproject\s7dataplot\dataplot\x64\release\moc_dataplot.obj
e:\qtproject\s7dataplot\dataplot\x64\release\moc_plotchart.obj
e:\qtproject\s7dataplot\dataplot\x64\release\plotchart.obj
e:\qtproject\s7dataplot\dataplot\x64\release\qrc_dataplot.obj
e:\qtproject\s7dataplot\dataplot\x64\release\s7communication.obj
e:\qtproject\s7dataplot\dataplot\x64\release\snap7.obj
e:\qtproject\s7dataplot\x64\release\dataplot.exe
e:\qtproject\s7dataplot\dataplot\x64\release\dataplot.tlog\cl.command.1.tlog
e:\qtproject\s7dataplot\dataplot\x64\release\dataplot.tlog\cl.read.1.tlog
e:\qtproject\s7dataplot\dataplot\x64\release\dataplot.tlog\cl.write.1.tlog
e:\qtproject\s7dataplot\dataplot\x64\release\dataplot.tlog\dataplot.write.1u.tlog
e:\qtproject\s7dataplot\dataplot\x64\release\dataplot.tlog\link.command.1.tlog
e:\qtproject\s7dataplot\dataplot\x64\release\dataplot.tlog\link.read.1.tlog
e:\qtproject\s7dataplot\dataplot\x64\release\dataplot.tlog\link.write.1.tlog
e:\qtproject\s7dataplot\dataplot\x64\release\dataplot.tlog\moc.read.1u.tlog
e:\qtproject\s7dataplot\dataplot\x64\release\dataplot.tlog\moc.write.1u.tlog
e:\qtproject\s7dataplot\dataplot\x64\release\dataplot.tlog\rcc.read.1u.tlog
e:\qtproject\s7dataplot\dataplot\x64\release\dataplot.tlog\rcc.write.1u.tlog
e:\qtproject\s7dataplot\dataplot\x64\release\dataplot.tlog\uic.read.1u.tlog
e:\qtproject\s7dataplot\dataplot\x64\release\dataplot.tlog\uic.write.1u.tlog
