e:\qtproject\s7dataplot\dataplot\x64\debug\snap7.obj
e:\qtproject\s7dataplot\dataplot\x64\debug\dataplot.obj
e:\qtproject\s7dataplot\dataplot\x64\debug\conffile.obj
e:\qtproject\s7dataplot\dataplot\x64\debug\qdbtypecomboboxdelegate.obj
e:\qtproject\s7dataplot\dataplot\x64\debug\s7communication.obj
e:\qtproject\s7dataplot\dataplot\x64\debug\main.obj
e:\qtproject\s7dataplot\dataplot\x64\debug\s7settingdialog.obj
e:\qtproject\s7dataplot\dataplot\x64\debug\dataplotchart.obj
e:\qtproject\s7dataplot\dataplot\x64\debug\qdatatypecomboboxdelegate.obj
e:\qtproject\s7dataplot\dataplot\x64\debug\vc141.pdb
e:\qtproject\s7dataplot\dataplot\x64\debug\moc_qdbtypecomboboxdelegate.obj
e:\qtproject\s7dataplot\dataplot\x64\debug\moc_qdatatypecomboboxdelegate.obj
e:\qtproject\s7dataplot\dataplot\x64\debug\moc_conffile.obj
e:\qtproject\s7dataplot\dataplot\x64\debug\moc_dataplot.obj
e:\qtproject\s7dataplot\dataplot\x64\debug\moc_dataplotchart.obj
e:\qtproject\s7dataplot\dataplot\x64\debug\moc_s7settingdialog.obj
e:\qtproject\s7dataplot\dataplot\x64\debug\qrc_dataplot.obj
e:\qtproject\s7dataplot\dataplot\x64\debug\uic\ui_dataplot.h
e:\qtproject\s7dataplot\dataplot\x64\debug\uic\ui_s7settingdialog.h
e:\qtproject\s7dataplot\dataplot\x64\debug\rcc\qrc_dataplot.cpp
e:\qtproject\s7dataplot\dataplot\x64\debug\moc\moc_dataplot.cpp
e:\qtproject\s7dataplot\dataplot\x64\debug\moc\moc_conffile.cpp
e:\qtproject\s7dataplot\dataplot\x64\debug\moc\moc_dataplotchart.cpp
e:\qtproject\s7dataplot\dataplot\x64\debug\moc\moc_qdbtypecomboboxdelegate.cpp
e:\qtproject\s7dataplot\dataplot\x64\debug\moc\moc_qdatatypecomboboxdelegate.cpp
e:\qtproject\s7dataplot\dataplot\x64\debug\moc\moc_s7settingdialog.cpp
e:\qtproject\s7dataplot\x64\debug\dataplot.ilk
e:\qtproject\s7dataplot\x64\debug\dataplot.exe
e:\qtproject\s7dataplot\x64\debug\dataplot.pdb
e:\qtproject\s7dataplot\dataplot\x64\debug\dataplot.tlog\cl.363684.write.1.tlog
e:\qtproject\s7dataplot\dataplot\x64\debug\dataplot.tlog\cl.command.1.tlog
e:\qtproject\s7dataplot\dataplot\x64\debug\dataplot.tlog\cl.read.1.tlog
e:\qtproject\s7dataplot\dataplot\x64\debug\dataplot.tlog\dataplot.write.1u.tlog
e:\qtproject\s7dataplot\dataplot\x64\debug\dataplot.tlog\link.command.1.tlog
e:\qtproject\s7dataplot\dataplot\x64\debug\dataplot.tlog\link.read.1.tlog
e:\qtproject\s7dataplot\dataplot\x64\debug\dataplot.tlog\link.write.1.tlog
